#
# There is insufficient memory for the Java Runtime Environment to continue.
# Native memory allocation (malloc) failed to allocate 32744 bytes for ChunkPool::allocate
# Possible reasons:
#   The system is out of physical RAM or swap space
#   In 32 bit mode, the process size limit was hit
# Possible solutions:
#   Reduce memory load on the system
#   Increase physical memory or swap space
#   Check if swap backing store is full
#   Use 64 bit Java on a 64 bit OS
#   Decrease Java heap size (-Xmx/-Xms)
#   Decrease number of Java threads
#   Decrease Java thread stack sizes (-Xss)
#   Set larger code cache with -XX:ReservedCodeCacheSize=
# This output file may be truncated or incomplete.
#
#  Out of Memory Error (allocation.cpp:273), pid=23324, tid=0x0000000000003b94
#
# JRE version: Java(TM) SE Runtime Environment (8.0_171-b11) (build 1.8.0_171-b11)
# Java VM: Java HotSpot(TM) 64-Bit Server VM (25.171-b11 mixed mode windows-amd64 compressed oops)
# Failed to write core dump. Minidumps are not enabled by default on client versions of Windows
#

---------------  T H R E A D  ---------------

Current thread (0x0000000003703000):  JavaThread "main" [_thread_in_vm, id=15252, stack(0x0000000003040000,0x0000000003140000)]

Stack: [0x0000000003040000,0x0000000003140000]
[error occurred during error reporting (printing stack bounds), id 0xc0000005]

Native frames: (J=compiled Java code, j=interpreted, Vv=VM code, C=native code)

Java frames: (J=compiled Java code, j=interpreted, Vv=VM code)
j  java.lang.ClassLoader.defineClass1(Ljava/lang/String;[BIILjava/security/ProtectionDomain;Ljava/lang/String;)Ljava/lang/Class;+0
j  java.lang.ClassLoader.defineClass(Ljava/lang/String;[BIILjava/security/ProtectionDomain;)Ljava/lang/Class;+27
j  java.security.SecureClassLoader.defineClass(Ljava/lang/String;[BIILjava/security/CodeSource;)Ljava/lang/Class;+12
j  java.net.URLClassLoader.defineClass(Ljava/lang/String;Lsun/misc/Resource;)Ljava/lang/Class;+138
j  java.net.URLClassLoader.access$100(Ljava/net/URLClassLoader;Ljava/lang/String;Lsun/misc/Resource;)Ljava/lang/Class;+3
j  java.net.URLClassLoader$1.run()Ljava/lang/Class;+43
j  java.net.URLClassLoader$1.run()Ljava/lang/Object;+1
v  ~StubRoutines::call_stub
j  java.security.AccessController.doPrivileged(Ljava/security/PrivilegedExceptionAction;Ljava/security/AccessControlContext;)Ljava/lang/Object;+0
j  java.net.URLClassLoader.findClass(Ljava/lang/String;)Ljava/lang/Class;+13
j  java.lang.ClassLoader.loadClass(Ljava/lang/String;Z)Ljava/lang/Class;+70
j  sun.misc.Launcher$AppClassLoader.loadClass(Ljava/lang/String;Z)Ljava/lang/Class;+81
j  java.lang.ClassLoader.loadClass(Ljava/lang/String;)Ljava/lang/Class;+3
v  ~StubRoutines::call_stub
j  java.lang.ClassLoader.defineClass1(Ljava/lang/String;[BIILjava/security/ProtectionDomain;Ljava/lang/String;)Ljava/lang/Class;+0
j  java.lang.ClassLoader.defineClass(Ljava/lang/String;[BIILjava/security/ProtectionDomain;)Ljava/lang/Class;+27
j  java.security.SecureClassLoader.defineClass(Ljava/lang/String;[BIILjava/security/CodeSource;)Ljava/lang/Class;+12
j  java.net.URLClassLoader.defineClass(Ljava/lang/String;Lsun/misc/Resource;)Ljava/lang/Class;+138
j  java.net.URLClassLoader.access$100(Ljava/net/URLClassLoader;Ljava/lang/String;Lsun/misc/Resource;)Ljava/lang/Class;+3
j  java.net.URLClassLoader$1.run()Ljava/lang/Class;+43
j  java.net.URLClassLoader$1.run()Ljava/lang/Object;+1
v  ~StubRoutines::call_stub
j  java.security.AccessController.doPrivileged(Ljava/security/PrivilegedExceptionAction;Ljava/security/AccessControlContext;)Ljava/lang/Object;+0
j  java.net.URLClassLoader.findClass(Ljava/lang/String;)Ljava/lang/Class;+13
j  java.lang.ClassLoader.loadClass(Ljava/lang/String;Z)Ljava/lang/Class;+70
j  sun.misc.Launcher$AppClassLoader.loadClass(Ljava/lang/String;Z)Ljava/lang/Class;+81
j  java.lang.ClassLoader.loadClass(Ljava/lang/String;)Ljava/lang/Class;+3
v  ~StubRoutines::call_stub
j  java.lang.ClassLoader.defineClass1(Ljava/lang/String;[BIILjava/security/ProtectionDomain;Ljava/lang/String;)Ljava/lang/Class;+0
j  java.lang.ClassLoader.defineClass(Ljava/lang/String;[BIILjava/security/ProtectionDomain;)Ljava/lang/Class;+27
j  java.security.SecureClassLoader.defineClass(Ljava/lang/String;[BIILjava/security/CodeSource;)Ljava/lang/Class;+12
j  java.net.URLClassLoader.defineClass(Ljava/lang/String;Lsun/misc/Resource;)Ljava/lang/Class;+138
j  java.net.URLClassLoader.access$100(Ljava/net/URLClassLoader;Ljava/lang/String;Lsun/misc/Resource;)Ljava/lang/Class;+3
j  java.net.URLClassLoader$1.run()Ljava/lang/Class;+43
j  java.net.URLClassLoader$1.run()Ljava/lang/Object;+1
v  ~StubRoutines::call_stub
j  java.security.AccessController.doPrivileged(Ljava/security/PrivilegedExceptionAction;Ljava/security/AccessControlContext;)Ljava/lang/Object;+0
j  java.net.URLClassLoader.findClass(Ljava/lang/String;)Ljava/lang/Class;+13
j  java.lang.ClassLoader.loadClass(Ljava/lang/String;Z)Ljava/lang/Class;+70
j  sun.misc.Launcher$AppClassLoader.loadClass(Ljava/lang/String;Z)Ljava/lang/Class;+81
j  java.lang.ClassLoader.loadClass(Ljava/lang/String;)Ljava/lang/Class;+3
v  ~StubRoutines::call_stub
j  chapter06.Knowledge15.increase()V+0
j  chapter06.Knowledge15.increase$(Lchapter06/Knowledge15;)V+1
j  chapter06.Student15.increase()V+1
j  chapter06.Test15_TraitOverlying$.main([Ljava/lang/String;)V+9
j  chapter06.Test15_TraitOverlying.main([Ljava/lang/String;)V+4
v  ~StubRoutines::call_stub

---------------  P R O C E S S  ---------------

Java Threads: ( => current thread )
  0x000000001ef2c800 JavaThread "Service Thread" daemon [_thread_blocked, id=4424, stack(0x00000000215f0000,0x00000000216f0000)]
  0x000000001ee6f800 JavaThread "C1 CompilerThread11" daemon [_thread_blocked, id=13556, stack(0x00000000214f0000,0x00000000215f0000)]
  0x000000001ee6b000 JavaThread "C1 CompilerThread10" daemon [_thread_blocked, id=14112, stack(0x00000000213f0000,0x00000000214f0000)]
  0x000000001ee6e800 JavaThread "C1 CompilerThread9" daemon [_thread_blocked, id=20520, stack(0x00000000212f0000,0x00000000213f0000)]
  0x000000001ee6b800 JavaThread "C1 CompilerThread8" daemon [_thread_blocked, id=19176, stack(0x00000000211f0000,0x00000000212f0000)]
  0x000000001ee6a000 JavaThread "C2 CompilerThread7" daemon [_thread_blocked, id=17380, stack(0x00000000210f0000,0x00000000211f0000)]
  0x000000001ee43800 JavaThread "C2 CompilerThread6" daemon [_thread_blocked, id=13764, stack(0x0000000020ff0000,0x00000000210f0000)]
  0x000000001ee2e000 JavaThread "C2 CompilerThread5" daemon [_thread_blocked, id=9008, stack(0x0000000020ef0000,0x0000000020ff0000)]
  0x000000001ee25000 JavaThread "C2 CompilerThread4" daemon [_thread_blocked, id=13172, stack(0x0000000020df0000,0x0000000020ef0000)]
  0x000000001ee10800 JavaThread "C2 CompilerThread3" daemon [_thread_blocked, id=23140, stack(0x0000000020cf0000,0x0000000020df0000)]
  0x000000001ee0f800 JavaThread "C2 CompilerThread2" daemon [_thread_blocked, id=4400, stack(0x0000000020bf0000,0x0000000020cf0000)]
  0x000000001ee0d000 JavaThread "C2 CompilerThread1" daemon [_thread_blocked, id=23964, stack(0x0000000020af0000,0x0000000020bf0000)]
  0x000000001edea800 JavaThread "C2 CompilerThread0" daemon [_thread_blocked, id=2088, stack(0x00000000209f0000,0x0000000020af0000)]
  0x000000001edea000 JavaThread "Monitor Ctrl-Break" daemon [_thread_in_native, id=11044, stack(0x00000000208f0000,0x00000000209f0000)]
  0x000000001ed26000 JavaThread "Attach Listener" daemon [_thread_blocked, id=9932, stack(0x00000000207f0000,0x00000000208f0000)]
  0x000000001ed7c800 JavaThread "Signal Dispatcher" daemon [_thread_blocked, id=1784, stack(0x00000000206f0000,0x00000000207f0000)]
  0x000000001ed06800 JavaThread "Finalizer" daemon [_thread_blocked, id=22124, stack(0x0000000020580000,0x0000000020680000)]
  0x000000001d29c000 JavaThread "Reference Handler" daemon [_thread_blocked, id=23984, stack(0x0000000020480000,0x0000000020580000)]
=>0x0000000003703000 JavaThread "main" [_thread_in_vm, id=15252, stack(0x0000000003040000,0x0000000003140000)]

Other Threads:
  0x000000001ece3800 VMThread [stack: 0x0000000020380000,0x0000000020480000] [id=19284]
  0x000000001ef34000 WatcherThread [stack: 0x00000000216f0000,0x00000000217f0000] [id=640]

VM state:not at safepoint (normal execution)

VM Mutex/Monitor currently owned by a thread: None

Heap:
 PSYoungGen      total 74240K, used 11797K [0x000000076dd80000, 0x0000000773000000, 0x00000007c0000000)
  eden space 64000K, 18% used [0x000000076dd80000,0x000000076e905558,0x0000000771c00000)
  from space 10240K, 0% used [0x0000000772600000,0x0000000772600000,0x0000000773000000)
  to   space 10240K, 0% used [0x0000000771c00000,0x0000000771c00000,0x0000000772600000)
 ParOldGen       total 169472K, used 0K [0x00000006c9800000, 0x00000006d3d80000, 0x000000076dd80000)
  object space 169472K, 0% used [0x00000006c9800000,0x00000006c9800000,0x00000006d3d80000)
 Metaspace       used 3859K, capacity 5048K, committed 5376K, reserved 1058816K
  class space    used 370K, capacity 424K, committed 512K, reserved 1048576K

Card table byte_map: [0x0000000012bc0000,0x0000000013380000] byte_map_base: 0x000000000f574000

Marking Bits: (ParMarkBitMap*) 0x00000000596b08c0
 Begin Bits: [0x00000000145b0000, 0x0000000018350000)
 End Bits:   [0x0000000018350000, 0x000000001c0f0000)

Polling page: 0x0000000001830000

CodeCache: size=245760Kb used=3080Kb max_used=3091Kb free=242679Kb
 bounds [0x0000000003800000, 0x0000000003b10000, 0x0000000012800000]
 total_blobs=399 nmethods=139 adapters=171
 compilation: enabled

Compilation events (10 events):
Event: 0.111 Thread 0x000000001ee6b000  135       3       java.lang.StringBuilder::<init> (7 bytes)
Event: 0.111 Thread 0x000000001ee6b000 nmethod 135 0x0000000003b00110 code [0x0000000003b00280, 0x0000000003b00530]
Event: 0.111 Thread 0x000000001ee6e800  136       3       java.lang.StringBuilder::toString (17 bytes)
Event: 0.111 Thread 0x000000001ee6e800 nmethod 136 0x0000000003afcf50 code [0x0000000003afd0c0, 0x0000000003afd2c8]
Event: 0.111 Thread 0x000000001ee6a000  138       4       java.lang.String::startsWith (72 bytes)
Event: 0.111 Thread 0x000000001ee6f800  137       3       sun.net.www.ParseUtil::encodePath (336 bytes)
Event: 0.111 Thread 0x000000001ee6b800  139       3       java.util.zip.Inflater::ensureOpen (47 bytes)
Event: 0.111 Thread 0x000000001ee6b800 nmethod 139 0x0000000003b00650 code [0x0000000003b007c0, 0x0000000003b00aa8]
Event: 0.112 Thread 0x000000001ee6f800 nmethod 137 0x0000000003b00bd0 code [0x0000000003b00e40, 0x0000000003b01e58]
Event: 0.112 Thread 0x000000001ee6a000 nmethod 138 0x0000000003b05350 code [0x0000000003b054a0, 0x0000000003b055f8]

GC Heap History (0 events):
No events

Deoptimization events (0 events):
No events

Classes redefined (0 events):
No events

Internal exceptions (2 events):
Event: 0.022 Thread 0x0000000003703000 Exception <a 'java/lang/NoSuchMethodError': Method sun.misc.Unsafe.defineClass(Ljava/lang/String;[BII)Ljava/lang/Class; name or signature does not match> (0x000000076dd87cb0) thrown at [C:\re\workspace\8-2-build-windows-amd64-cygwin\jdk8u171\10807\hotspot
Event: 0.022 Thread 0x0000000003703000 Exception <a 'java/lang/NoSuchMethodError': Method sun.misc.Unsafe.prefetchRead(Ljava/lang/Object;J)V name or signature does not match> (0x000000076dd87f98) thrown at [C:\re\workspace\8-2-build-windows-amd64-cygwin\jdk8u171\10807\hotspot\src\share\vm\prim

Events (10 events):
Event: 0.105 loading class scala/collection/GenSeqLike
Event: 0.105 loading class scala/collection/GenSeqLike done
Event: 0.106 loading class scala/collection/SeqLike
Event: 0.106 loading class scala/collection/SeqLike done
Event: 0.110 loading class scala/collection/mutable/SeqLike
Event: 0.110 loading class scala/collection/mutable/SeqLike done
Event: 0.111 loading class scala/collection/mutable/Cloneable
Event: 0.111 loading class scala/collection/mutable/Cloneable done
Event: 0.111 loading class scala/Cloneable
Event: 0.111 loading class scala/Cloneable done


Dynamic libraries:
0x00007ff60b190000 - 0x00007ff60b1c7000 	C:\Program Files\Java\jdk1.8.0_171\bin\java.exe
0x00007ffed7ec0000 - 0x00007ffed80c9000 	C:\WINDOWS\SYSTEM32\ntdll.dll
0x00007ffed6010000 - 0x00007ffed60cd000 	C:\WINDOWS\System32\KERNEL32.DLL
0x00007ffed53b0000 - 0x00007ffed5724000 	C:\WINDOWS\System32\KERNELBASE.dll
0x00007ffed7a90000 - 0x00007ffed7b3e000 	C:\WINDOWS\System32\ADVAPI32.dll
0x00007ffed7710000 - 0x00007ffed77b3000 	C:\WINDOWS\System32\msvcrt.dll
0x00007ffed6530000 - 0x00007ffed65ce000 	C:\WINDOWS\System32\sechost.dll
0x00007ffed7d10000 - 0x00007ffed7e30000 	C:\WINDOWS\System32\RPCRT4.dll
0x00007ffed60d0000 - 0x00007ffed627c000 	C:\WINDOWS\System32\USER32.dll
0x00007ffed5a80000 - 0x00007ffed5aa6000 	C:\WINDOWS\System32\win32u.dll
0x00007ffed7ce0000 - 0x00007ffed7d09000 	C:\WINDOWS\System32\GDI32.dll
0x00007ffed5b20000 - 0x00007ffed5c32000 	C:\WINDOWS\System32\gdi32full.dll
0x00007ffed5cc0000 - 0x00007ffed5d5d000 	C:\WINDOWS\System32\msvcp_win.dll
0x00007ffed5960000 - 0x00007ffed5a71000 	C:\WINDOWS\System32\ucrtbase.dll
0x00007ffec1db0000 - 0x00007ffec2055000 	C:\WINDOWS\WinSxS\amd64_microsoft.windows.common-controls_6595b64144ccf1df_6.0.22000.120_none_9d947278b86cc467\COMCTL32.dll
0x00007ffed7e40000 - 0x00007ffed7e71000 	C:\WINDOWS\System32\IMM32.DLL
0x0000000059730000 - 0x0000000059802000 	C:\Program Files\Java\jdk1.8.0_171\jre\bin\msvcr100.dll
0x0000000058e90000 - 0x0000000059730000 	C:\Program Files\Java\jdk1.8.0_171\jre\bin\server\jvm.dll
0x00007ffed6520000 - 0x00007ffed6528000 	C:\WINDOWS\System32\PSAPI.DLL
0x00007ffed1790000 - 0x00007ffed1799000 	C:\WINDOWS\SYSTEM32\WSOCK32.dll
0x00007ffeccf50000 - 0x00007ffeccf5a000 	C:\WINDOWS\SYSTEM32\VERSION.dll
0x00007ffed76a0000 - 0x00007ffed770f000 	C:\WINDOWS\System32\WS2_32.dll
0x00007ffecdec0000 - 0x00007ffecdef3000 	C:\WINDOWS\SYSTEM32\WINMM.dll
0x0000000058e80000 - 0x0000000058e8f000 	C:\Program Files\Java\jdk1.8.0_171\jre\bin\verify.dll
0x0000000058e50000 - 0x0000000058e79000 	C:\Program Files\Java\jdk1.8.0_171\jre\bin\java.dll
0x0000000058dc0000 - 0x0000000058de3000 	C:\Program Files\Java\jdk1.8.0_171\jre\bin\instrument.dll
0x0000000058e30000 - 0x0000000058e46000 	C:\Program Files\Java\jdk1.8.0_171\jre\bin\zip.dll
0x00007ffed6ef0000 - 0x00007ffed769e000 	C:\WINDOWS\System32\SHELL32.dll
0x00007ffed3520000 - 0x00007ffed3d88000 	C:\WINDOWS\SYSTEM32\windows.storage.dll
0x00007ffed65d0000 - 0x00007ffed6948000 	C:\WINDOWS\System32\combase.dll
0x00007ffed33b0000 - 0x00007ffed3516000 	C:\WINDOWS\SYSTEM32\wintypes.dll
0x00007ffed5e40000 - 0x00007ffed5f2a000 	C:\WINDOWS\System32\SHCORE.dll
0x00007ffed6440000 - 0x00007ffed649d000 	C:\WINDOWS\System32\shlwapi.dll
0x00007ffed52e0000 - 0x00007ffed5301000 	C:\WINDOWS\SYSTEM32\profapi.dll
0x00007ffed3220000 - 0x00007ffed323a000 	C:\Program Files\JetBrains\IntelliJ IDEA Community Edition 2021.3.2\bin\breakgen64.dll
0x0000000058e10000 - 0x0000000058e2a000 	C:\Program Files\Java\jdk1.8.0_171\jre\bin\net.dll
0x00007ffed4950000 - 0x00007ffed49b7000 	C:\WINDOWS\system32\mswsock.dll

VM Arguments:
jvm_args: -javaagent:C:\Program Files\JetBrains\IntelliJ IDEA Community Edition 2021.3.2\lib\idea_rt.jar=51828:C:\Program Files\JetBrains\IntelliJ IDEA Community Edition 2021.3.2\bin -Dfile.encoding=UTF-8 
java_command: chapter06.Test15_TraitOverlying
java_class_path (initial): C:\Program Files\Java\jdk1.8.0_171\jre\lib\charsets.jar;C:\Program Files\Java\jdk1.8.0_171\jre\lib\deploy.jar;C:\Program Files\Java\jdk1.8.0_171\jre\lib\ext\access-bridge-64.jar;C:\Program Files\Java\jdk1.8.0_171\jre\lib\ext\cldrdata.jar;C:\Program Files\Java\jdk1.8.0_171\jre\lib\ext\dnsns.jar;C:\Program Files\Java\jdk1.8.0_171\jre\lib\ext\jaccess.jar;C:\Program Files\Java\jdk1.8.0_171\jre\lib\ext\jfxrt.jar;C:\Program Files\Java\jdk1.8.0_171\jre\lib\ext\localedata.jar;C:\Program Files\Java\jdk1.8.0_171\jre\lib\ext\nashorn.jar;C:\Program Files\Java\jdk1.8.0_171\jre\lib\ext\sunec.jar;C:\Program Files\Java\jdk1.8.0_171\jre\lib\ext\sunjce_provider.jar;C:\Program Files\Java\jdk1.8.0_171\jre\lib\ext\sunmscapi.jar;C:\Program Files\Java\jdk1.8.0_171\jre\lib\ext\sunpkcs11.jar;C:\Program Files\Java\jdk1.8.0_171\jre\lib\ext\zipfs.jar;C:\Program Files\Java\jdk1.8.0_171\jre\lib\javaws.jar;C:\Program Files\Java\jdk1.8.0_171\jre\lib\jce.jar;C:\Program Files\Java\jdk1.8.0_171\jre\lib\jfr.jar;C:\Program Files\Java\jdk1.8.0_171\jre\lib\jfxswt.jar;C:\Program Files\Java\jdk1.8.0_171\jre\lib\jsse.jar;C:\Program Files\Java\jdk1.8.0_171\jre\lib\management-agent.jar;C:\Program Files\Java\jdk1.8.0_171\jre\lib\plugin.jar;C:\Program Files\Java\jdk1.8.0_171\jre\lib\resources.jar;C:\Program Files\Java\jdk1.8.0_171\jre\lib\rt.jar;E:\IDEA_scala\scala_tutorial\target\classes;C:\scala-2.12.11\lib\scala-library.jar;C:\scala-2.12.11\lib\scala-parser-combinators_2.12-1.0.7.jar;C:\scala-2.12.11\lib\scala-reflect.jar;C:\scala-2.12.11\lib\scala-swing_2.12-2.0.3.jar;C:\scala-2.12.11\lib\scala-xml_2.12-1.0.6.jar;C:\Program Files\JetBrains\IntelliJ IDEA Community Edition 2021.3.2\lib\idea_rt.jar
Launcher Type: SUN_STANDARD

Environment Variables:
JAVA_HOME=C:\Program Files\Java\jdk1.8.0_171
PATH=C:\Program Files (x86)\Common Files\Oracle\Java\javapath;C:\Program Files (x86)\VMware\VMware Workstation\bin\;C:\Program Files\Common Files\Oracle\Java\javapath;C:\WINDOWS\system32;C:\WINDOWS;C:\WINDOWS\System32\Wbem;C:\WINDOWS\System32\WindowsPowerShell\v1.0\;C:\WINDOWS\System32\OpenSSH\;C:\Program Files (x86)\NetSarang\Xftp 7\;C:\Program Files (x86)\NetSarang\Xshell 7\;E:\software\hadoop-3.1.0\bin;C:\Program Files (x86)\dotnet\;C:\Program Files\Git\cmd;C:\ffmpeg\bin;C:\scala-2.12.11\bin;C:\Program Files\Java\jdk1.8.0_171\bin;C:\Users\kbmgs\AppData\Local\Programs\Python\Python310\Scripts\;C:\Users\kbmgs\AppData\Local\Programs\Python\Python310\;C:\Users\kbmgs\AppData\Local\Microsoft\WindowsApps;C:\Users\kbmgs\AppData\Local\GitHubDesktop\bin;C:\Program Files\JetBrains\IntelliJ IDEA Community Edition 2021.3.2\bin;
USERNAME=kbmgs
OS=Windows_NT
PROCESSOR_IDENTIFIER=AMD64 Family 25 Model 80 Stepping 0, AuthenticAMD



---------------  S Y S T E M  ---------------

OS: Windows 10.0 , 64 bit Build 22000 (10.0.22000.434)

CPU:total 16 (initial active 16) (16 cores per cpu, 1 threads per core) family 25 model 80 stepping 0, cmov, cx8, fxsr, mmx, sse, sse2, sse3, ssse3, sse4.1, sse4.2, popcnt, avx, avx2, aes, clmul, erms, mmxext, 3dnowpref, lzcnt, sse4a, tsc, tscinvbit, tscinv, bmi1

Memory: 4k page, physical 16154384k(3440400k free), swap 16154384k(4104k free)

vm_info: Java HotSpot(TM) 64-Bit Server VM (25.171-b11) for windows-amd64 JRE (1.8.0_171-b11), built on Mar 28 2018 16:06:12 by "java_re" with MS VC++ 10.0 (VS2010)

time: Fri Mar 18 15:49:48 2022
elapsed time: 0 seconds (0d 0h 0m 0s)

